2014-05-21 21:50:02,834 [MainThread  ] [INFO ]  304 GET /i/100/ (::1) 51.89ms
2014-05-21 21:50:03,089 [MainThread  ] [INFO ]  Web socket connection opened with interview_id 100
2014-05-21 21:50:04,043 [MainThread  ] [INFO ]  Received from web socket: {"datetime":"","type":"heartbeat","clientID":"","interviewID":"100","data":{}}
2014-05-21 21:50:04,044 [MainThread  ] [INFO ]  Got Heartbeat
2014-05-21 21:50:05,044 [MainThread  ] [INFO ]  Received from web socket: {"datetime":"","type":"heartbeat","clientID":"","interviewID":"100","data":{}}
2014-05-21 21:50:05,045 [MainThread  ] [INFO ]  Got Heartbeat
2014-05-21 21:50:06,046 [MainThread  ] [INFO ]  Received from web socket: {"datetime":"","type":"heartbeat","clientID":"","interviewID":"100","data":{}}
2014-05-21 21:50:06,046 [MainThread  ] [INFO ]  Got Heartbeat
2014-05-21 21:50:07,046 [MainThread  ] [INFO ]  Received from web socket: {"datetime":"","type":"heartbeat","clientID":"","interviewID":"100","data":{}}
2014-05-21 21:50:07,046 [MainThread  ] [INFO ]  Got Heartbeat
2014-05-21 21:50:08,047 [MainThread  ] [INFO ]  Received from web socket: {"datetime":"","type":"heartbeat","clientID":"","interviewID":"100","data":{}}
2014-05-21 21:50:08,047 [MainThread  ] [INFO ]  Got Heartbeat
2014-05-21 21:50:09,048 [MainThread  ] [INFO ]  Received from web socket: {"datetime":"","type":"heartbeat","clientID":"","interviewID":"100","data":{}}
2014-05-21 21:50:09,048 [MainThread  ] [INFO ]  Got Heartbeat
2014-05-21 21:50:10,049 [MainThread  ] [INFO ]  Received from web socket: {"datetime":"","type":"heartbeat","clientID":"","interviewID":"100","data":{}}
2014-05-21 21:50:10,049 [MainThread  ] [INFO ]  Got Heartbeat
2014-05-21 21:50:11,050 [MainThread  ] [INFO ]  Received from web socket: {"datetime":"","type":"heartbeat","clientID":"","interviewID":"100","data":{}}
2014-05-21 21:50:11,050 [MainThread  ] [INFO ]  Got Heartbeat
2014-05-21 21:50:12,051 [MainThread  ] [INFO ]  Received from web socket: {"datetime":"","type":"heartbeat","clientID":"","interviewID":"100","data":{}}
2014-05-21 21:50:12,052 [MainThread  ] [INFO ]  Got Heartbeat
2014-05-21 21:50:13,053 [MainThread  ] [INFO ]  Received from web socket: {"datetime":"","type":"heartbeat","clientID":"","interviewID":"100","data":{}}
2014-05-21 21:50:13,053 [MainThread  ] [INFO ]  Got Heartbeat
2014-05-21 21:50:14,054 [MainThread  ] [INFO ]  Received from web socket: {"datetime":"","type":"heartbeat","clientID":"","interviewID":"100","data":{}}
2014-05-21 21:50:14,054 [MainThread  ] [INFO ]  Got Heartbeat
2014-05-21 21:50:15,056 [MainThread  ] [INFO ]  Received from web socket: {"datetime":"","type":"heartbeat","clientID":"","interviewID":"100","data":{}}
2014-05-21 21:50:15,056 [MainThread  ] [INFO ]  Got Heartbeat
2014-05-21 21:50:16,057 [MainThread  ] [INFO ]  Received from web socket: {"datetime":"","type":"heartbeat","clientID":"","interviewID":"100","data":{}}
2014-05-21 21:50:16,057 [MainThread  ] [INFO ]  Got Heartbeat
2014-05-21 21:50:17,058 [MainThread  ] [INFO ]  Received from web socket: {"datetime":"","type":"heartbeat","clientID":"","interviewID":"100","data":{}}
2014-05-21 21:50:17,058 [MainThread  ] [INFO ]  Got Heartbeat
2014-05-21 21:50:18,059 [MainThread  ] [INFO ]  Received from web socket: {"datetime":"","type":"heartbeat","clientID":"","interviewID":"100","data":{}}
2014-05-21 21:50:18,059 [MainThread  ] [INFO ]  Got Heartbeat
2014-05-21 21:50:19,061 [MainThread  ] [INFO ]  Received from web socket: {"datetime":"","type":"heartbeat","clientID":"","interviewID":"100","data":{}}
2014-05-21 21:50:19,061 [MainThread  ] [INFO ]  Got Heartbeat
2014-05-21 21:50:20,061 [MainThread  ] [INFO ]  Received from web socket: {"datetime":"","type":"heartbeat","clientID":"","interviewID":"100","data":{}}
2014-05-21 21:50:20,062 [MainThread  ] [INFO ]  Got Heartbeat
2014-05-21 21:50:21,063 [MainThread  ] [INFO ]  Received from web socket: {"datetime":"","type":"heartbeat","clientID":"","interviewID":"100","data":{}}
2014-05-21 21:50:21,063 [MainThread  ] [INFO ]  Got Heartbeat
2014-05-21 21:50:22,064 [MainThread  ] [INFO ]  Received from web socket: {"datetime":"","type":"heartbeat","clientID":"","interviewID":"100","data":{}}
2014-05-21 21:50:22,064 [MainThread  ] [INFO ]  Got Heartbeat
2014-05-21 21:50:23,065 [MainThread  ] [INFO ]  Received from web socket: {"datetime":"","type":"heartbeat","clientID":"","interviewID":"100","data":{}}
2014-05-21 21:50:23,066 [MainThread  ] [INFO ]  Got Heartbeat
2014-05-21 21:50:24,074 [MainThread  ] [INFO ]  Received from web socket: {"datetime":"","type":"heartbeat","clientID":"","interviewID":"100","data":{}}
2014-05-21 21:50:24,074 [MainThread  ] [INFO ]  Got Heartbeat
2014-05-21 21:50:25,076 [MainThread  ] [INFO ]  Received from web socket: {"datetime":"","type":"heartbeat","clientID":"","interviewID":"100","data":{}}
2014-05-21 21:50:25,076 [MainThread  ] [INFO ]  Got Heartbeat
2014-05-21 21:50:26,077 [MainThread  ] [INFO ]  Received from web socket: {"datetime":"","type":"heartbeat","clientID":"","interviewID":"100","data":{}}
2014-05-21 21:50:26,077 [MainThread  ] [INFO ]  Got Heartbeat
2014-05-21 21:50:44,422 [MainThread  ] [INFO ] 304 GET /i/100/ (::1) 12.27ms
2014-05-21 21:50:44,894 [MainThread  ] [INFO ] Web socket connection opened with interview_id 100
2014-05-21 21:50:45,860 [MainThread  ] [INFO ] Received from web socket: {"datetime":"","type":"heartbeat","clientID":"","interviewID":"100","data":{}}
2014-05-21 21:50:45,860 [MainThread  ] [INFO ] Got Heartbeat
2014-05-21 21:50:46,861 [MainThread  ] [INFO ] Received from web socket: {"datetime":"","type":"heartbeat","clientID":"","interviewID":"100","data":{}}
2014-05-21 21:50:46,862 [MainThread  ] [INFO ] Got Heartbeat
2014-05-21 21:50:47,863 [MainThread  ] [INFO ] Received from web socket: {"datetime":"","type":"heartbeat","clientID":"","interviewID":"100","data":{}}
2014-05-21 21:50:47,863 [MainThread  ] [INFO ] Got Heartbeat
2014-05-21 21:50:48,864 [MainThread  ] [INFO ] Received from web socket: {"datetime":"","type":"heartbeat","clientID":"","interviewID":"100","data":{}}
2014-05-21 21:50:48,864 [MainThread  ] [INFO ] Got Heartbeat
2014-05-21 21:50:49,865 [MainThread  ] [INFO ] Received from web socket: {"datetime":"","type":"heartbeat","clientID":"","interviewID":"100","data":{}}
2014-05-21 21:50:49,865 [MainThread  ] [INFO ] Got Heartbeat
2014-05-21 21:50:50,867 [MainThread  ] [INFO ] Received from web socket: {"datetime":"","type":"heartbeat","clientID":"","interviewID":"100","data":{}}
2014-05-21 21:50:50,867 [MainThread  ] [INFO ] Got Heartbeat
